c:\egyetem\hypersphere-intersection\hypersphereintersection\x64\debug\vc143.pdb
c:\egyetem\hypersphere-intersection\hypersphereintersection\x64\debug\vc143.idb
c:\egyetem\hypersphere-intersection\hypersphereintersection\x64\debug\point.obj
c:\egyetem\hypersphere-intersection\hypersphereintersection\x64\debug\intersection.obj
c:\egyetem\hypersphere-intersection\hypersphereintersection\x64\debug\main.obj
c:\egyetem\hypersphere-intersection\hypersphereintersection\x64\debug\hypersphere.obj
c:\egyetem\hypersphere-intersection\hypersphereintersection\x64\debug\hypersphereintersection.ilk
c:\egyetem\hypersphere-intersection\x64\debug\hypersphereintersection.pdb
c:\egyetem\hypersphere-intersection\hypersphereintersection\x64\debug\hypersph.92e5affe.tlog\cl.command.1.tlog
c:\egyetem\hypersphere-intersection\hypersphereintersection\x64\debug\hypersph.92e5affe.tlog\cl.items.tlog
c:\egyetem\hypersphere-intersection\hypersphereintersection\x64\debug\hypersph.92e5affe.tlog\cl.read.1.tlog
c:\egyetem\hypersphere-intersection\hypersphereintersection\x64\debug\hypersph.92e5affe.tlog\cl.write.1.tlog
c:\egyetem\hypersphere-intersection\hypersphereintersection\x64\debug\hypersph.92e5affe.tlog\link.12440-cvtres.read.1.tlog
c:\egyetem\hypersphere-intersection\hypersphereintersection\x64\debug\hypersph.92e5affe.tlog\link.12440-cvtres.write.1.tlog
c:\egyetem\hypersphere-intersection\hypersphereintersection\x64\debug\hypersph.92e5affe.tlog\link.12440-rc.read.1.tlog
c:\egyetem\hypersphere-intersection\hypersphereintersection\x64\debug\hypersph.92e5affe.tlog\link.12440-rc.write.1.tlog
c:\egyetem\hypersphere-intersection\hypersphereintersection\x64\debug\hypersph.92e5affe.tlog\link.12440.read.1.tlog
c:\egyetem\hypersphere-intersection\hypersphereintersection\x64\debug\hypersph.92e5affe.tlog\link.12440.read.2.tlog
c:\egyetem\hypersphere-intersection\hypersphereintersection\x64\debug\hypersph.92e5affe.tlog\link.12440.write.1.tlog
c:\egyetem\hypersphere-intersection\hypersphereintersection\x64\debug\hypersph.92e5affe.tlog\link.command.1.tlog
c:\egyetem\hypersphere-intersection\hypersphereintersection\x64\debug\hypersph.92e5affe.tlog\link.read.1.tlog
c:\egyetem\hypersphere-intersection\hypersphereintersection\x64\debug\hypersph.92e5affe.tlog\link.secondary.1.tlog
c:\egyetem\hypersphere-intersection\hypersphereintersection\x64\debug\hypersph.92e5affe.tlog\link.write.1.tlog
